Using pre-set license
Built from '2020.2/release' branch; Version is '2020.2.0f1 (3721df5a8b28) revision 3613151'; Using compiler version '192528614'; Build Type 'Release'
OS: 'Windows 10  (10.0.0) 64bit' Language: 'ru' Physical Memory: 16335 MB
BatchMode: 1, IsHumanControllingUs: 0, StartBugReporterOnCrash: 0, Is64bit: 1, IsPro: 0

 COMMAND LINE ARGUMENTS:
D:\Unity\2020.2.0f1\Editor\Unity.exe
-adb2
-batchMode
-noUpm
-name
AssetImportWorker0
-projectPath
D:/AR-Tractors
-logFile
Logs/AssetImportWorker0.log
-srvPort
58820
Successfully changed project path to: D:/AR-Tractors
D:/AR-Tractors
Using Asset Import Pipeline V2.
Refreshing native plugins compatible for Editor in 30.78 ms, found 1 plugins.
Preloading 0 native plugins for Editor in 0.00 ms.
Initialize engine version: 2020.2.0f1 (3721df5a8b28)
[Subsystems] Discovering subsystems at path D:/Unity/2020.2.0f1/Editor/Data/Resources/UnitySubsystems
[Subsystems] Discovering subsystems at path D:/AR-Tractors/Assets
GfxDevice: creating device client; threaded=0
Direct3D:
    Version:  Direct3D 11.0 [level 11.1]
    Renderer: NVIDIA GeForce GTX 1060 6GB (ID=0x1b83)
    Vendor:   
    VRAM:     6052 MB
    Driver:   27.21.14.6140
Initialize mono
Mono path[0] = 'D:/Unity/2020.2.0f1/Editor/Data/Managed'
Mono path[1] = 'D:/Unity/2020.2.0f1/Editor/Data/MonoBleedingEdge/lib/mono/unityjit'
Mono config path = 'D:/Unity/2020.2.0f1/Editor/Data/MonoBleedingEdge/etc'
Using monoOptions --debugger-agent=transport=dt_socket,embedding=1,server=y,suspend=n,address=127.0.0.1:56268
Begin MonoManager ReloadAssembly
Registering precompiled unity dll's ...
Register platform support module: D:/Unity/2020.2.0f1/Editor/Data/PlaybackEngines/WindowsStandaloneSupport/UnityEditor.WindowsStandalone.Extensions.dll
Registered in 0.001140 seconds.
Native extension for WindowsStandalone target not found
Refreshing native plugins compatible for Editor in 27.15 ms, found 1 plugins.
Preloading 0 native plugins for Editor in 0.00 ms.
Invoked RoslynAnalysisRunner static constructor.
RoslynAnalysisRunner will not be running.
RoslynAnalysisRunner has terminated.
Mono: successfully reloaded assembly
- Completed reload, in  2.488 seconds
Platform modules already initialized, skipping
Registering precompiled user dll's ...
Registered in 0.002694 seconds.
Begin MonoManager ReloadAssembly
Failed loading assembly 'Assets/Plugins/Mono.Data.Sqlite.dll' reason: File does not contain a valid CIL image
Loading assembly failed: "Assets/Plugins/Mono.Data.Sqlite.dll" reason: File does not contain a valid CIL image

Native extension for WindowsStandalone target not found
Refreshing native plugins compatible for Editor in 0.39 ms, found 1 plugins.
Preloading 0 native plugins for Editor in 0.00 ms.
Invoked RoslynAnalysisRunner static constructor.
RoslynAnalysisRunner will not be running.
RoslynAnalysisRunner has terminated.
Mono: successfully reloaded assembly
- Completed reload, in  0.917 seconds
Platform modules already initialized, skipping
Assertion failed on expression: 'reloadOk'

========================================================================
Worker process is ready to serve import requests
Launched and connected shader compiler UnityShaderCompiler.exe after 0.05 seconds
Refreshing native plugins compatible for Editor in 0.36 ms, found 1 plugins.
Preloading 0 native plugins for Editor in 0.00 ms.
Unloading 1430 Unused Serialized files (Serialized files now loaded: 0)
System memory in use before: 66.7 MB.
System memory in use after: 66.8 MB.

Unloading 18 unused Assets to reduce memory usage. Loaded Objects now: 1867.
Total: 2.065200 ms (FindLiveObjects: 0.193500 ms CreateObjectMapping: 0.037500 ms MarkObjects: 1.755200 ms  DeleteObjects: 0.077700 ms)

========================================================================
Received Import Request.
  path: Assets/Scenes/SettingsScene.unity
  artifactKey: Guid(b5d77ed8432d01d489d4ef6a566f6289) Importer(815301076,1909f56bfc062723c751e8b465ee728b)
Start importing Assets/Scenes/SettingsScene.unity using Guid(b5d77ed8432d01d489d4ef6a566f6289) Importer(815301076,1909f56bfc062723c751e8b465ee728b)  -> (artifact id: '5392a5ef62a680bf9bb881f2ef85a794') in 0.016244 seconds
  Import took 0.018675 seconds .

========================================================================
Received Import Request.
  Time since last request: 17.895229 seconds.
  path: Assets/Scripts
  artifactKey: Guid(cff062645ae7b85468d5075e4446d308) Importer(815301076,1909f56bfc062723c751e8b465ee728b)
Start importing Assets/Scripts using Guid(cff062645ae7b85468d5075e4446d308) Importer(815301076,1909f56bfc062723c751e8b465ee728b)  -> (artifact id: 'f0a48822e481878c1ccb1739334ec369') in 0.013545 seconds
  Import took 0.018321 seconds .

========================================================================
Received Import Request.
  Time since last request: 98.799619 seconds.
  path: Assets/Scripts/OpenSettingsSceneScript.cs
  artifactKey: Guid(cbec7a0271c86794ca45269e863285ea) Importer(815301076,1909f56bfc062723c751e8b465ee728b)
Start importing Assets/Scripts/OpenSettingsSceneScript.cs using Guid(cbec7a0271c86794ca45269e863285ea) Importer(815301076,1909f56bfc062723c751e8b465ee728b)  -> (artifact id: 'b5a840198e3c43a07c10a87415f74a85') in 0.039401 seconds
  Import took 0.041774 seconds .

========================================================================
Received Import Request.
  Time since last request: 3.399684 seconds.
  path: Assets/Scripts/MainSceneScript.cs
  artifactKey: Guid(a419694bd7be727409eee9562d453a4a) Importer(815301076,1909f56bfc062723c751e8b465ee728b)
Start importing Assets/Scripts/MainSceneScript.cs using Guid(a419694bd7be727409eee9562d453a4a) Importer(815301076,1909f56bfc062723c751e8b465ee728b)  -> (artifact id: '07ff85e8603915a596a1ed07155f0e82') in 0.018497 seconds
  Import took 0.020899 seconds .

========================================================================
Received Prepare
Registering precompiled user dll's ...
Registered in 0.002769 seconds.
Begin MonoManager ReloadAssembly
Failed loading assembly 'Assets/Plugins/Mono.Data.Sqlite.dll' reason: File does not contain a valid CIL image
Loading assembly failed: "Assets/Plugins/Mono.Data.Sqlite.dll" reason: File does not contain a valid CIL image

Native extension for WindowsStandalone target not found
Refreshing native plugins compatible for Editor in 0.42 ms, found 1 plugins.
Preloading 0 native plugins for Editor in 0.00 ms.
Invoked RoslynAnalysisRunner static constructor.
RoslynAnalysisRunner will not be running.
RoslynAnalysisRunner has terminated.
Mono: successfully reloaded assembly
- Completed reload, in  0.915 seconds
Platform modules already initialized, skipping
Assertion failed on expression: 'reloadOk'

Refreshing native plugins compatible for Editor in 0.52 ms, found 1 plugins.
Preloading 0 native plugins for Editor in 0.00 ms.
Unloading 1424 Unused Serialized files (Serialized files now loaded: 0)
System memory in use before: 66.7 MB.
System memory in use after: 66.8 MB.

Unloading 13 unused Assets to reduce memory usage. Loaded Objects now: 1871.
Total: 3.300100 ms (FindLiveObjects: 0.309800 ms CreateObjectMapping: 0.053400 ms MarkObjects: 2.842900 ms  DeleteObjects: 0.092300 ms)

========================================================================
Received Import Request.
  Time since last request: 25.698351 seconds.
  path: Assets/Scripts/SettingsScript.cs
  artifactKey: Guid(c64524e2338c4a64c9a494a4baa054da) Importer(815301076,1909f56bfc062723c751e8b465ee728b)
Start importing Assets/Scripts/SettingsScript.cs using Guid(c64524e2338c4a64c9a494a4baa054da) Importer(815301076,1909f56bfc062723c751e8b465ee728b)  -> (artifact id: '56af8211c1a01afc8b59c4c1c56d68a3') in 0.030249 seconds
  Import took 0.032696 seconds .

========================================================================
Received Prepare
Registering precompiled user dll's ...
Registered in 0.002620 seconds.
Begin MonoManager ReloadAssembly
Failed loading assembly 'Assets/Plugins/Mono.Data.Sqlite.dll' reason: File does not contain a valid CIL image
Loading assembly failed: "Assets/Plugins/Mono.Data.Sqlite.dll" reason: File does not contain a valid CIL image

Native extension for WindowsStandalone target not found
Refreshing native plugins compatible for Editor in 0.37 ms, found 1 plugins.
Preloading 0 native plugins for Editor in 0.00 ms.
Invoked RoslynAnalysisRunner static constructor.
RoslynAnalysisRunner will not be running.
RoslynAnalysisRunner has terminated.
Mono: successfully reloaded assembly
- Completed reload, in  0.853 seconds
Platform modules already initialized, skipping
Assertion failed on expression: 'reloadOk'

Refreshing native plugins compatible for Editor in 0.38 ms, found 1 plugins.
Preloading 0 native plugins for Editor in 0.00 ms.
Unloading 1424 Unused Serialized files (Serialized files now loaded: 0)
System memory in use before: 66.9 MB.
System memory in use after: 67.0 MB.

Unloading 14 unused Assets to reduce memory usage. Loaded Objects now: 1873.
Total: 2.177400 ms (FindLiveObjects: 0.300300 ms CreateObjectMapping: 0.039200 ms MarkObjects: 1.776200 ms  DeleteObjects: 0.059700 ms)

========================================================================
Received Import Request.
  Time since last request: 129.175388 seconds.
  path: Assets/Scenes/MenuScene.unity
  artifactKey: Guid(d71b19c637aff95449b9f881d91343e4) Importer(815301076,1909f56bfc062723c751e8b465ee728b)
Start importing Assets/Scenes/MenuScene.unity using Guid(d71b19c637aff95449b9f881d91343e4) Importer(815301076,1909f56bfc062723c751e8b465ee728b)  -> (artifact id: 'c428edb688d343ed60be0b3a71a237ba') in 0.016420 seconds
  Import took 0.018997 seconds .

========================================================================
Received Import Request.
  Time since last request: 103.992645 seconds.
  path: Assets/Scripts/InstructionsScene.cs
  artifactKey: Guid(36c14a52795ea544cbd53b36bd55e5d1) Importer(815301076,1909f56bfc062723c751e8b465ee728b)
Start importing Assets/Scripts/InstructionsScene.cs using Guid(36c14a52795ea544cbd53b36bd55e5d1) Importer(815301076,1909f56bfc062723c751e8b465ee728b)  -> (artifact id: '1e6310cf244c039da890b1f2ef3f10e2') in 0.012553 seconds
  Import took 0.015282 seconds .

========================================================================
Received Prepare
Registering precompiled user dll's ...
Registered in 0.002716 seconds.
Begin MonoManager ReloadAssembly
Failed loading assembly 'Assets/Plugins/Mono.Data.Sqlite.dll' reason: File does not contain a valid CIL image
Loading assembly failed: "Assets/Plugins/Mono.Data.Sqlite.dll" reason: File does not contain a valid CIL image

Native extension for WindowsStandalone target not found
Refreshing native plugins compatible for Editor in 0.37 ms, found 1 plugins.
Preloading 0 native plugins for Editor in 0.00 ms.
Invoked RoslynAnalysisRunner static constructor.
RoslynAnalysisRunner will not be running.
RoslynAnalysisRunner has terminated.
Mono: successfully reloaded assembly
- Completed reload, in  0.901 seconds
Platform modules already initialized, skipping
Assertion failed on expression: 'reloadOk'

Refreshing native plugins compatible for Editor in 0.38 ms, found 1 plugins.
Preloading 0 native plugins for Editor in 0.00 ms.
Unloading 1425 Unused Serialized files (Serialized files now loaded: 0)
System memory in use before: 67.1 MB.
System memory in use after: 67.2 MB.

Unloading 13 unused Assets to reduce memory usage. Loaded Objects now: 1877.
Total: 1.934300 ms (FindLiveObjects: 0.183300 ms CreateObjectMapping: 0.033300 ms MarkObjects: 1.661700 ms  DeleteObjects: 0.054600 ms)

========================================================================
Received Prepare
Registering precompiled user dll's ...
Registered in 0.002648 seconds.
Begin MonoManager ReloadAssembly
Failed loading assembly 'Assets/Plugins/Mono.Data.Sqlite.dll' reason: File does not contain a valid CIL image
Loading assembly failed: "Assets/Plugins/Mono.Data.Sqlite.dll" reason: File does not contain a valid CIL image

Native extension for WindowsStandalone target not found
Refreshing native plugins compatible for Editor in 0.37 ms, found 1 plugins.
Preloading 0 native plugins for Editor in 0.00 ms.
Invoked RoslynAnalysisRunner static constructor.
RoslynAnalysisRunner will not be running.
RoslynAnalysisRunner has terminated.
Mono: successfully reloaded assembly
- Completed reload, in  0.850 seconds
Platform modules already initialized, skipping
Assertion failed on expression: 'reloadOk'

Refreshing native plugins compatible for Editor in 0.38 ms, found 1 plugins.
Preloading 0 native plugins for Editor in 0.00 ms.
Unloading 1425 Unused Serialized files (Serialized files now loaded: 0)
System memory in use before: 67.3 MB.
System memory in use after: 67.4 MB.

Unloading 13 unused Assets to reduce memory usage. Loaded Objects now: 1880.
Total: 3.361200 ms (FindLiveObjects: 0.594700 ms CreateObjectMapping: 0.217800 ms MarkObjects: 2.471200 ms  DeleteObjects: 0.075700 ms)

========================================================================
Received Prepare
Registering precompiled user dll's ...
Registered in 0.002625 seconds.
Begin MonoManager ReloadAssembly
Failed loading assembly 'Assets/Plugins/Mono.Data.Sqlite.dll' reason: File does not contain a valid CIL image
Loading assembly failed: "Assets/Plugins/Mono.Data.Sqlite.dll" reason: File does not contain a valid CIL image

Native extension for WindowsStandalone target not found
Refreshing native plugins compatible for Editor in 0.38 ms, found 1 plugins.
Preloading 0 native plugins for Editor in 0.00 ms.
Invoked RoslynAnalysisRunner static constructor.
RoslynAnalysisRunner will not be running.
RoslynAnalysisRunner has terminated.
Mono: successfully reloaded assembly
- Completed reload, in  0.861 seconds
Platform modules already initialized, skipping
Assertion failed on expression: 'reloadOk'

Refreshing native plugins compatible for Editor in 0.39 ms, found 1 plugins.
Preloading 0 native plugins for Editor in 0.00 ms.
Unloading 1425 Unused Serialized files (Serialized files now loaded: 0)
System memory in use before: 67.5 MB.
System memory in use after: 67.5 MB.

Unloading 13 unused Assets to reduce memory usage. Loaded Objects now: 1883.
Total: 1.840700 ms (FindLiveObjects: 0.169300 ms CreateObjectMapping: 0.034700 ms MarkObjects: 1.583400 ms  DeleteObjects: 0.052300 ms)

========================================================================
Received Import Request.
  Time since last request: 83.762076 seconds.
  path: Assets/Scenes/MenuScene.unity
  artifactKey: Guid(d71b19c637aff95449b9f881d91343e4) Importer(815301076,1909f56bfc062723c751e8b465ee728b)
Start importing Assets/Scenes/MenuScene.unity using Guid(d71b19c637aff95449b9f881d91343e4) Importer(815301076,1909f56bfc062723c751e8b465ee728b)  -> (artifact id: '4b8cceba72c9cea0e3dfb60f3219f963') in 0.012913 seconds
  Import took 0.015915 seconds .

AssetImportWorkerClient::OnTransportError - code=2 error=End of file
